<?xml version="1.0" encoding="UTF-8"?>
<!-- Generated by org.testng.reporters.JUnitReportReporter -->
<testsuite hostname="LAPTOP-GD7TTGGH" failures="0" tests="2" name="Cucumber.TestNGTestRunner" time="16.147" errors="0" timestamp="2025-03-03T09:44:02 IST" skipped="0">
  <testcase classname="Cucumber.TestNGTestRunner" name="runScenario" time="8.814"/>
  <system-out/>
  <testcase classname="Cucumber.TestNGTestRunner" name="runScenario" time="7.333"/>
  <system-out/>
</testsuite> <!-- Cucumber.TestNGTestRunner -->
