<?xml version="1.0" encoding="UTF-8"?>
<!-- Generated by org.testng.reporters.JUnitReportReporter -->
<testsuite hostname="LAPTOP-GD7TTGGH" failures="0" tests="3" name="Insighter.Test.SubmitOrderTest" time="29.022" errors="0" timestamp="2025-02-25T21:12:43 IST" skipped="0">
  <testcase classname="Insighter.Test.SubmitOrderTest" name="ordersHistory" time="9.220"/>
  <system-out/>
  <testcase classname="Insighter.Test.SubmitOrderTest" name="submitOrder" time="9.094"/>
  <system-out/>
  <testcase classname="Insighter.Test.SubmitOrderTest" name="submitOrder" time="10.708"/>
  <system-out/>
</testsuite> <!-- Insighter.Test.SubmitOrderTest -->
