<?xml version="1.0" encoding="UTF-8"?>
<!-- Generated by org.testng.reporters.JUnitReportReporter -->
<testsuite hostname="LAPTOP-GD7TTGGH" failures="0" tests="1" name="Cucumber.TestNGTestRunner" time="9.069" errors="0" timestamp="2025-03-03T10:00:50 IST" skipped="0">
  <testcase classname="Cucumber.TestNGTestRunner" name="runScenario" time="9.069"/>
</testsuite> <!-- Cucumber.TestNGTestRunner -->
