<?xml version="1.0" encoding="UTF-8"?>
<!-- Generated by org.testng.reporters.JUnitReportReporter -->
<testsuite hostname="LAPTOP-GD7TTGGH" failures="0" tests="3" name="Insighter.Test.SubmitOrderTest" time="18.027" errors="0" timestamp="2025-03-03T09:53:17 IST" skipped="0">
  <testcase classname="Insighter.Test.SubmitOrderTest" name="submitOrder" time="7.102"/>
  <testcase classname="Insighter.Test.SubmitOrderTest" name="submitOrder" time="6.865"/>
  <testcase classname="Insighter.Test.SubmitOrderTest" name="ordersHistory" time="4.060"/>
</testsuite> <!-- Insighter.Test.SubmitOrderTest -->
